<?xml version="1.0" encoding="UTF-8"?>
<!-- Generated by org.testng.reporters.JUnitReportReporter -->
<testsuite hostname="DESKTOP-170EVK8" name="com.training.sanity.tests.StudentLogout" tests="1" failures="0" timestamp="29 Jul 2019 06:23:16 GMT" time="19.276" errors="0">
  <testcase name="validLoginTest" time="19.276" classname="com.training.sanity.tests.StudentLogout"/>
</testsuite> <!-- com.training.sanity.tests.StudentLogout -->
