<?xml version="1.0" encoding="UTF-8"?>
<!-- Generated by org.testng.reporters.JUnitReportReporter -->
<testsuite hostname="DESKTOP-170EVK8" name="com.training.sanity.tests.ELTC_018_EditProfileStudent" tests="1" failures="0" timestamp="29 Jul 2019 11:01:32 GMT" time="22.935" errors="0">
  <testcase name="validLoginTest" time="22.935" classname="com.training.sanity.tests.ELTC_018_EditProfileStudent"/>
</testsuite> <!-- com.training.sanity.tests.ELTC_018_EditProfileStudent -->
