<?xml version="1.0" encoding="UTF-8"?>
<!-- Generated by org.testng.reporters.JUnitReportReporter -->
<testsuite hostname="DESKTOP-170EVK8" name="com.training.sanity.tests.LoginTests" tests="1" failures="0" timestamp="25 Jul 2019 12:10:14 GMT" time="17.279" errors="0">
  <testcase name="validLoginTest" time="17.279" classname="com.training.sanity.tests.LoginTests"/>
</testsuite> <!-- com.training.sanity.tests.LoginTests -->
