<?xml version="1.0" encoding="UTF-8"?>
<!-- Generated by org.testng.reporters.JUnitReportReporter -->
<testsuite hostname="DESKTOP-170EVK8" name="com.training.sanity.tests.ELTC_050_CreateTrainingSession" tests="1" failures="0" timestamp="7 Aug 2019 14:28:24 GMT" time="30.873" errors="0">
  <testcase name="validLoginTest" time="30.873" classname="com.training.sanity.tests.ELTC_050_CreateTrainingSession"/>
</testsuite> <!-- com.training.sanity.tests.ELTC_050_CreateTrainingSession -->
