<?xml version="1.0" encoding="UTF-8"?>
<!-- Generated by org.testng.reporters.JUnitReportReporter -->
<testsuite hostname="DESKTOP-170EVK8" name="com.training.sanity.tests.ELTC_046_CommentOnTask" tests="1" failures="0" timestamp="2 Aug 2019 09:05:58 GMT" time="25.233" errors="0">
  <testcase name="validLoginTest" time="25.233" classname="com.training.sanity.tests.ELTC_046_CommentOnTask"/>
</testsuite> <!-- com.training.sanity.tests.ELTC_046_CommentOnTask -->
