<?xml version="1.0" encoding="UTF-8"?>
<!-- Generated by org.testng.reporters.JUnitReportReporter -->
<testsuite hostname="DESKTOP-170EVK8" name="com.training.sanity.tests.ELTC_049_AdminAddClass" tests="1" failures="0" timestamp="7 Aug 2019 12:17:10 GMT" time="23.052" errors="0">
  <testcase name="validLoginTest" time="23.052" classname="com.training.sanity.tests.ELTC_049_AdminAddClass"/>
</testsuite> <!-- com.training.sanity.tests.ELTC_049_AdminAddClass -->
