<?xml version="1.0" encoding="UTF-8"?>
<!-- Generated by org.testng.reporters.JUnitReportReporter -->
<testsuite hostname="DESKTOP-170EVK8" name="com.training.sanity.tests.ELTC_047_CreateCategoryCourse" tests="1" failures="0" timestamp="2 Aug 2019 13:17:54 GMT" time="20.795" errors="0">
  <testcase name="validLoginTest" time="20.795" classname="com.training.sanity.tests.ELTC_047_CreateCategoryCourse"/>
</testsuite> <!-- com.training.sanity.tests.ELTC_047_CreateCategoryCourse -->
