<?xml version="1.0" encoding="UTF-8"?>
<!-- Generated by org.testng.reporters.JUnitReportReporter -->
<testsuite hostname="DESKTOP-170EVK8" name="com.training.sanity.tests.ELTC_020_AddUser" tests="1" failures="0" timestamp="31 Jul 2019 11:58:51 GMT" time="37.237" errors="0">
  <testcase name="validLoginTest" time="37.237" classname="com.training.sanity.tests.ELTC_020_AddUser"/>
</testsuite> <!-- com.training.sanity.tests.ELTC_020_AddUser -->
