<?xml version="1.0" encoding="UTF-8"?>
<!-- Generated by org.testng.reporters.JUnitReportReporter -->
<testsuite hostname="DESKTOP-170EVK8" name="com.training.sanity.tests.ELTC_017_AdminLogin" tests="1" failures="0" timestamp="29 Jul 2019 11:03:03 GMT" time="9.318" errors="0">
  <testcase name="validLoginTest" time="9.318" classname="com.training.sanity.tests.ELTC_017_AdminLogin"/>
</testsuite> <!-- com.training.sanity.tests.ELTC_017_AdminLogin -->
