<?xml version="1.0" encoding="UTF-8"?>
<!-- Generated by org.testng.reporters.JUnitReportReporter -->
<testsuite hostname="DESKTOP-170EVK8" name="com.training.sanity.tests.ELTC_019_ViewDetailsUser" tests="1" failures="0" timestamp="30 Jul 2019 09:46:03 GMT" time="26.947" errors="0">
  <testcase name="validLoginTest" time="26.947" classname="com.training.sanity.tests.ELTC_019_ViewDetailsUser"/>
</testsuite> <!-- com.training.sanity.tests.ELTC_019_ViewDetailsUser -->
