<?xml version="1.0" encoding="UTF-8"?>
<!-- Generated by org.testng.reporters.JUnitReportReporter -->
<testsuite hostname="DESKTOP-170EVK8" name="com.training.sanity.tests.AdminLogin" tests="1" failures="0" timestamp="29 Jul 2019 07:14:18 GMT" time="14.786" errors="0">
  <testcase name="validLoginTest" time="14.786" classname="com.training.sanity.tests.AdminLogin"/>
</testsuite> <!-- com.training.sanity.tests.AdminLogin -->
