<?xml version="1.0" encoding="UTF-8"?>
<!-- Generated by org.testng.reporters.JUnitReportReporter -->
<testsuite hostname="DESKTOP-170EVK8" name="com.training.sanity.tests.ELTC_048_RegisterUser2Course" tests="1" failures="0" timestamp="2 Aug 2019 13:58:26 GMT" time="17.913" errors="0">
  <testcase name="validLoginTest" time="17.913" classname="com.training.sanity.tests.ELTC_048_RegisterUser2Course"/>
</testsuite> <!-- com.training.sanity.tests.ELTC_048_RegisterUser2Course -->
